2026-03-22T17:29:11.426+05:30  INFO 27040 --- [prod-ready-features] [main] .a.p.p.ProdReadyFeaturesApplicationTests : Starting ProdReadyFeaturesApplicationTests using Java 24.0.2 with PID 27040 (started by ASUS in D:\prod-ready-features)
2026-03-22T17:29:11.428+05:30  INFO 27040 --- [prod-ready-features] [main] .a.p.p.ProdReadyFeaturesApplicationTests : No active profile set, falling back to 1 default profile: "default"
2026-03-22T17:29:12.056+05:30  INFO 27040 --- [prod-ready-features] [main] .s.d.r.c.RepositoryConfigurationDelegate : Bootstrapping Spring Data JPA repositories in DEFAULT mode.
2026-03-22T17:29:12.106+05:30  INFO 27040 --- [prod-ready-features] [main] .s.d.r.c.RepositoryConfigurationDelegate : Finished Spring Data repository scanning in 42 ms. Found 1 JPA repository interface.
2026-03-22T17:29:12.539+05:30  INFO 27040 --- [prod-ready-features] [main] org.hibernate.orm.jpa                    : HHH008540: Processing PersistenceUnitInfo [name: default]
2026-03-22T17:29:12.601+05:30  INFO 27040 --- [prod-ready-features] [main] org.hibernate.orm.core                   : HHH000001: Hibernate ORM core version 7.2.1.Final
2026-03-22T17:29:12.921+05:30  INFO 27040 --- [prod-ready-features] [main] o.h.e.boot.internal.EnversServiceImpl    : Envers integration enabled? : true
2026-03-22T17:29:13.110+05:30  INFO 27040 --- [prod-ready-features] [main] o.s.o.j.p.SpringPersistenceUnitInfo      : No LoadTimeWeaver setup: ignoring JPA class transformer
2026-03-22T17:29:13.141+05:30  INFO 27040 --- [prod-ready-features] [main] com.zaxxer.hikari.HikariDataSource       : HikariPool-1 - Starting...
2026-03-22T17:29:13.297+05:30  INFO 27040 --- [prod-ready-features] [main] com.zaxxer.hikari.pool.HikariPool        : HikariPool-1 - Added connection com.mysql.cj.jdbc.ConnectionImpl@25b83dce
2026-03-22T17:29:13.298+05:30  INFO 27040 --- [prod-ready-features] [main] com.zaxxer.hikari.HikariDataSource       : HikariPool-1 - Start completed.
2026-03-22T17:29:13.358+05:30  INFO 27040 --- [prod-ready-features] [main] org.hibernate.orm.connections.pooling    : HHH10001005: Database info:
	Database JDBC URL [jdbc:mysql://localhost:3306/prod-ready-features?useSSL=false]
	Database driver: MySQL Connector/J
	Database dialect: MySQLDialect
	Database version: 8.0.44
	Default catalog/schema: prod-ready-features/undefined
	Autocommit mode: undefined/unknown
	Isolation level: REPEATABLE_READ [default REPEATABLE_READ]
	JDBC fetch size: none
	Pool: DataSourceConnectionProvider
	Minimum pool size: undefined/unknown
	Maximum pool size: undefined/unknown
2026-03-22T17:29:13.525+05:30  INFO 27040 --- [prod-ready-features] [main] o.h.e.c.i.m.AuditMetadataGenerator       : Adding properties for entity: com.codingshuttle.abhi.prod_ready_features.prod_ready_features.entities.PostEntity
2026-03-22T17:29:14.111+05:30  INFO 27040 --- [prod-ready-features] [main] org.hibernate.orm.core                   : HHH000489: No JTA platform available (set 'hibernate.transaction.jta.platform' to enable JTA platform integration)
2026-03-22T17:29:14.261+05:30  INFO 27040 --- [prod-ready-features] [main] j.LocalContainerEntityManagerFactoryBean : Initialized JPA EntityManagerFactory for persistence unit 'default'
2026-03-22T17:29:14.502+05:30  INFO 27040 --- [prod-ready-features] [main] o.s.d.j.r.query.QueryEnhancerFactories   : Hibernate is in classpath; If applicable, HQL parser will be used.
2026-03-22T17:29:14.690+05:30  WARN 27040 --- [prod-ready-features] [main] JpaBaseConfiguration$JpaWebConfiguration : spring.jpa.open-in-view is enabled by default. Therefore, database queries may be performed during view rendering. Explicitly configure spring.jpa.open-in-view to disable this warning
2026-03-22T17:29:15.097+05:30  INFO 27040 --- [prod-ready-features] [main] .a.p.p.ProdReadyFeaturesApplicationTests : Started ProdReadyFeaturesApplicationTests in 3.98 seconds (process running for 5.114)
2026-03-22T17:29:15.217+05:30 TRACE 27040 --- [prod-ready-features] [main] c.c.a.p.p.c.impl.EmployeeClientImpl      : trying to create Employees with information EmployeeDTO(id=null, name=abhishek, email=abhi@Gmail.com, age=20, role=USER, salary=50000.0, dateOfJoining=2026-01-02, isActive=true)
2026-03-22T17:29:15.374+05:30 TRACE 27040 --- [prod-ready-features] [main] c.c.a.p.p.c.impl.EmployeeClientImpl      : successfully created a new employee : ApiResponse(timestamp=2026-03-22T17:29:15.322753800, data=EmployeeDTO(id=5, name=abhishek, email=abhi@Gmail.com, age=20, role=USER, salary=50000.0, dateOfJoining=2026-01-02, isActive=null), error=null)
2026-03-22T17:29:15.390+05:30 TRACE 27040 --- [prod-ready-features] [main] c.c.a.p.p.c.impl.EmployeeClientImpl      : trying to get employee by Id getEmployeeById with id:1
2026-03-22T17:29:15.390+05:30  INFO 27040 --- [prod-ready-features] [main] c.c.a.p.p.c.impl.EmployeeClientImpl      : attempting to call the restclient method in getEmployeeById
2026-03-22T17:29:15.397+05:30  INFO 27040 --- [prod-ready-features] [main] c.c.a.p.p.c.impl.EmployeeClientImpl      : successfully executed
2026-03-22T17:29:15.403+05:30 TRACE 27040 --- [prod-ready-features] [main] c.c.a.p.p.c.impl.EmployeeClientImpl      : trying to retrieve all employees in getAllEmployees
2026-03-22T17:29:15.403+05:30  INFO 27040 --- [prod-ready-features] [main] c.c.a.p.p.c.impl.EmployeeClientImpl      : attempting to call the restclient method in getAllEmployees
2026-03-22T17:29:15.412+05:30 DEBUG 27040 --- [prod-ready-features] [main] c.c.a.p.p.c.impl.EmployeeClientImpl      : Successfully retrieved the employee in getAllEmployees
2026-03-22T17:29:15.412+05:30 TRACE 27040 --- [prod-ready-features] [main] c.c.a.p.p.c.impl.EmployeeClientImpl      : Retrieved employees list in getAllEmployees : [EmployeeDTO(id=1, name=abhishek, email=abhi@Gmail.com, age=20, role=USER, salary=50000.0, dateOfJoining=2026-01-02, isActive=null), EmployeeDTO(id=2, name=abhishek, email=abhi@Gmail.com, age=20, role=USER, salary=50000.0, dateOfJoining=2026-01-02, isActive=null), EmployeeDTO(id=3, name=abhishek, email=abhi@Gmail.com, age=20, role=USER, salary=50000.0, dateOfJoining=2026-01-02, isActive=null), EmployeeDTO(id=4, name=abhishek, email=abhi@Gmail.com, age=20, role=USER, salary=50000.0, dateOfJoining=2026-01-02, isActive=null), EmployeeDTO(id=5, name=abhishek, email=abhi@Gmail.com, age=20, role=USER, salary=50000.0, dateOfJoining=2026-01-02, isActive=null)] hello
2026-03-22T17:29:15.423+05:30  INFO 27040 --- [prod-ready-features] [SpringApplicationShutdownHook] j.LocalContainerEntityManagerFactoryBean : Closing JPA EntityManagerFactory for persistence unit 'default'
2026-03-22T17:29:15.425+05:30  INFO 27040 --- [prod-ready-features] [SpringApplicationShutdownHook] com.zaxxer.hikari.HikariDataSource       : HikariPool-1 - Shutdown initiated...
2026-03-22T17:29:15.431+05:30  INFO 27040 --- [prod-ready-features] [SpringApplicationShutdownHook] com.zaxxer.hikari.HikariDataSource       : HikariPool-1 - Shutdown completed.
